[0.053s] Invoking command in '/home/katie/turtlebot3_ws/build/hls_lfcd_lds_driver': CMAKE_PREFIX_PATH=${CMAKE_PREFIX_PATH}:/home/katie/turtlebot3_ws/install/turtlebot3_teleop:/home/katie/turtlebot3_ws/install/turtlebot3_example:/opt/ros/humble /usr/bin/cmake --build /home/katie/turtlebot3_ws/build/hls_lfcd_lds_driver -- -j8 -l8
[0.269s] [100%] Built target hlds_laser_publisher
[0.537s] Invoked command in '/home/katie/turtlebot3_ws/build/hls_lfcd_lds_driver' returned '0': CMAKE_PREFIX_PATH=${CMAKE_PREFIX_PATH}:/home/katie/turtlebot3_ws/install/turtlebot3_teleop:/home/katie/turtlebot3_ws/install/turtlebot3_example:/opt/ros/humble /usr/bin/cmake --build /home/katie/turtlebot3_ws/build/hls_lfcd_lds_driver -- -j8 -l8
[0.541s] Invoking command in '/home/katie/turtlebot3_ws/build/hls_lfcd_lds_driver': CMAKE_PREFIX_PATH=${CMAKE_PREFIX_PATH}:/home/katie/turtlebot3_ws/install/turtlebot3_teleop:/home/katie/turtlebot3_ws/install/turtlebot3_example:/opt/ros/humble /usr/bin/cmake --install /home/katie/turtlebot3_ws/build/hls_lfcd_lds_driver
[0.593s] -- Install configuration: ""
[0.594s] -- Execute custom install script
[0.594s] -- Up-to-date symlink: /home/katie/turtlebot3_ws/install/hls_lfcd_lds_driver/share/hls_lfcd_lds_driver/launch/hlds_laser.launch.py
[0.594s] -- Up-to-date symlink: /home/katie/turtlebot3_ws/install/hls_lfcd_lds_driver/share/hls_lfcd_lds_driver/launch/view_hlds_laser.launch.py
[0.594s] -- Up-to-date symlink: /home/katie/turtlebot3_ws/install/hls_lfcd_lds_driver/share/hls_lfcd_lds_driver/rviz/hlds_laser.rviz
[0.594s] -- Up-to-date symlink: /home/katie/turtlebot3_ws/install/hls_lfcd_lds_driver/lib/hls_lfcd_lds_driver/hlds_laser_publisher
[0.594s] -- Up-to-date symlink: /home/katie/turtlebot3_ws/install/hls_lfcd_lds_driver/share/ament_index/resource_index/package_run_dependencies/hls_lfcd_lds_driver
[0.594s] -- Up-to-date symlink: /home/katie/turtlebot3_ws/install/hls_lfcd_lds_driver/share/ament_index/resource_index/parent_prefix_path/hls_lfcd_lds_driver
[0.595s] -- Up-to-date symlink: /home/katie/turtlebot3_ws/install/hls_lfcd_lds_driver/share/hls_lfcd_lds_driver/environment/ament_prefix_path.sh
[0.595s] -- Up-to-date symlink: /home/katie/turtlebot3_ws/install/hls_lfcd_lds_driver/share/hls_lfcd_lds_driver/environment/ament_prefix_path.dsv
[0.595s] -- Up-to-date symlink: /home/katie/turtlebot3_ws/install/hls_lfcd_lds_driver/share/hls_lfcd_lds_driver/environment/path.sh
[0.595s] -- Up-to-date symlink: /home/katie/turtlebot3_ws/install/hls_lfcd_lds_driver/share/hls_lfcd_lds_driver/environment/path.dsv
[0.595s] -- Up-to-date symlink: /home/katie/turtlebot3_ws/install/hls_lfcd_lds_driver/share/hls_lfcd_lds_driver/local_setup.bash
[0.595s] -- Up-to-date symlink: /home/katie/turtlebot3_ws/install/hls_lfcd_lds_driver/share/hls_lfcd_lds_driver/local_setup.sh
[0.595s] -- Up-to-date symlink: /home/katie/turtlebot3_ws/install/hls_lfcd_lds_driver/share/hls_lfcd_lds_driver/local_setup.zsh
[0.596s] -- Up-to-date symlink: /home/katie/turtlebot3_ws/install/hls_lfcd_lds_driver/share/hls_lfcd_lds_driver/local_setup.dsv
[0.596s] -- Symlinking: /home/katie/turtlebot3_ws/install/hls_lfcd_lds_driver/share/hls_lfcd_lds_driver/package.dsv
[0.606s] -- Up-to-date symlink: /home/katie/turtlebot3_ws/install/hls_lfcd_lds_driver/share/ament_index/resource_index/packages/hls_lfcd_lds_driver
[0.606s] -- Up-to-date symlink: /home/katie/turtlebot3_ws/install/hls_lfcd_lds_driver/share/hls_lfcd_lds_driver/cmake/ament_cmake_export_dependencies-extras.cmake
[0.606s] -- Up-to-date symlink: /home/katie/turtlebot3_ws/install/hls_lfcd_lds_driver/share/hls_lfcd_lds_driver/cmake/ament_cmake_export_include_directories-extras.cmake
[0.606s] -- Up-to-date symlink: /home/katie/turtlebot3_ws/install/hls_lfcd_lds_driver/share/hls_lfcd_lds_driver/cmake/hls_lfcd_lds_driverConfig.cmake
[0.606s] -- Up-to-date symlink: /home/katie/turtlebot3_ws/install/hls_lfcd_lds_driver/share/hls_lfcd_lds_driver/cmake/hls_lfcd_lds_driverConfig-version.cmake
[0.606s] -- Up-to-date symlink: /home/katie/turtlebot3_ws/install/hls_lfcd_lds_driver/share/hls_lfcd_lds_driver/package.xml
[1.554s] Invoked command in '/home/katie/turtlebot3_ws/build/hls_lfcd_lds_driver' returned '0': CMAKE_PREFIX_PATH=${CMAKE_PREFIX_PATH}:/home/katie/turtlebot3_ws/install/turtlebot3_teleop:/home/katie/turtlebot3_ws/install/turtlebot3_example:/opt/ros/humble /usr/bin/cmake --install /home/katie/turtlebot3_ws/build/hls_lfcd_lds_driver
