[0.032s] Invoking command in '/home/katie/turtlebot3_ws/build/turtlebot3_node': CMAKE_PREFIX_PATH=/home/katie/turtlebot3_ws/install/turtlebot3_msgs:/home/katie/turtlebot3_ws/install/dynamixel_sdk:/home/katie/turtlebot3_ws/install/turtlebot3:/home/katie/turtlebot3_ws/install/turtlebot3_bringup:/home/katie/turtlebot3_ws/install/turtlebot3_node:/home/katie/turtlebot3_ws/install/turtlebot3_navigation2:/home/katie/turtlebot3_ws/install/turtlebot3_description:/home/katie/turtlebot3_ws/install/turtlebot3_cartographer:/home/katie/turtlebot3_ws/install/dynamixel_sdk_examples:/home/katie/turtlebot3_ws/install/dynamixel_sdk_custom_interfaces:/home/katie/turtlebot3_ws/install/turtlebot3_teleop:/home/katie/turtlebot3_ws/install/turtlebot3_example:/opt/ros/humble LD_LIBRARY_PATH=/home/katie/turtlebot3_ws/install/turtlebot3_msgs/lib:/home/katie/turtlebot3_ws/install/dynamixel_sdk/lib:/home/katie/turtlebot3_ws/install/dynamixel_sdk_custom_interfaces/lib:/usr/lib/x86_64-linux-gnu/gazebo-11/plugins:/opt/ros/humble/opt/rviz_ogre_vendor/lib:/opt/ros/humble/lib/x86_64-linux-gnu:/opt/ros/humble/lib:/usr/lib/x86_64-linux-gnu/gazebo-11/plugins /usr/bin/cmake /home/katie/turtlebot3_ws/src/turtlebot3/turtlebot3_node -DAMENT_CMAKE_SYMLINK_INSTALL=1 -DCMAKE_INSTALL_PREFIX=/home/katie/turtlebot3_ws/install/turtlebot3_node
[0.482s] -- The C compiler identification is GNU 11.4.0
[0.483s] -- The CXX compiler identification is GNU 11.4.0
[0.483s] -- Detecting C compiler ABI info
[0.483s] -- Detecting C compiler ABI info - done
[0.483s] -- Check for working C compiler: /usr/bin/cc - skipped
[0.483s] -- Detecting C compile features
[0.483s] -- Detecting C compile features - done
[0.484s] -- Detecting CXX compiler ABI info
[0.484s] -- Detecting CXX compiler ABI info - done
[0.484s] -- Check for working CXX compiler: /usr/bin/c++ - skipped
[0.484s] -- Detecting CXX compile features
[0.485s] -- Detecting CXX compile features - done
[0.485s] -- Found ament_cmake: 1.3.11 (/opt/ros/humble/share/ament_cmake/cmake)
[0.724s] -- Found Python3: /usr/bin/python3 (found version "3.10.12") found components: Interpreter 
[0.824s] -- Override CMake install command with custom implementation using symlinks instead of copying resources
[0.886s] -- Found dynamixel_sdk: 3.7.60 (/home/katie/turtlebot3_ws/install/dynamixel_sdk/share/dynamixel_sdk/cmake)
[0.892s] -- Found geometry_msgs: 4.2.4 (/opt/ros/humble/share/geometry_msgs/cmake)
[0.977s] -- Found rosidl_generator_c: 3.1.6 (/opt/ros/humble/share/rosidl_generator_c/cmake)
[0.990s] -- Found rosidl_adapter: 3.1.6 (/opt/ros/humble/share/rosidl_adapter/cmake)
[1.007s] -- Found rosidl_generator_cpp: 3.1.6 (/opt/ros/humble/share/rosidl_generator_cpp/cmake)
[1.033s] -- Using all available rosidl_typesupport_c: rosidl_typesupport_fastrtps_c;rosidl_typesupport_introspection_c
[1.068s] -- Using all available rosidl_typesupport_cpp: rosidl_typesupport_fastrtps_cpp;rosidl_typesupport_introspection_cpp
[1.141s] -- Found message_filters: 4.3.5 (/opt/ros/humble/share/message_filters/cmake)
[1.223s] -- Found rmw_implementation_cmake: 6.1.2 (/opt/ros/humble/share/rmw_implementation_cmake/cmake)
[1.229s] -- Found rmw_fastrtps_cpp: 6.2.7 (/opt/ros/humble/share/rmw_fastrtps_cpp/cmake)
[1.389s] -- Found OpenSSL: /usr/lib/x86_64-linux-gnu/libcrypto.so (found version "3.0.2")  
[1.445s] -- Found FastRTPS: /opt/ros/humble/include  
[1.511s] -- Using RMW implementation 'rmw_fastrtps_cpp' as default
[1.529s] -- Looking for pthread.h
[1.641s] -- Looking for pthread.h - found
[1.642s] -- Performing Test CMAKE_HAVE_LIBC_PTHREAD
[1.760s] -- Performing Test CMAKE_HAVE_LIBC_PTHREAD - Success
[1.762s] -- Found Threads: TRUE  
[1.829s] -- Found nav_msgs: 4.2.4 (/opt/ros/humble/share/nav_msgs/cmake)
[1.857s] -- Found sensor_msgs: 4.2.4 (/opt/ros/humble/share/sensor_msgs/cmake)
[1.896s] -- Found std_srvs: 4.2.4 (/opt/ros/humble/share/std_srvs/cmake)
[1.924s] -- Found tf2: 0.25.12 (/opt/ros/humble/share/tf2/cmake)
[1.949s] -- Found tf2_ros: 0.25.12 (/opt/ros/humble/share/tf2_ros/cmake)
[2.114s] -- Found turtlebot3_msgs: 2.2.3 (/home/katie/turtlebot3_ws/install/turtlebot3_msgs/share/turtlebot3_msgs/cmake)
[2.267s] -- Configuring done
[2.303s] -- Generating done
[2.314s] -- Build files have been written to: /home/katie/turtlebot3_ws/build/turtlebot3_node
[2.330s] Invoked command in '/home/katie/turtlebot3_ws/build/turtlebot3_node' returned '0': CMAKE_PREFIX_PATH=/home/katie/turtlebot3_ws/install/turtlebot3_msgs:/home/katie/turtlebot3_ws/install/dynamixel_sdk:/home/katie/turtlebot3_ws/install/turtlebot3:/home/katie/turtlebot3_ws/install/turtlebot3_bringup:/home/katie/turtlebot3_ws/install/turtlebot3_node:/home/katie/turtlebot3_ws/install/turtlebot3_navigation2:/home/katie/turtlebot3_ws/install/turtlebot3_description:/home/katie/turtlebot3_ws/install/turtlebot3_cartographer:/home/katie/turtlebot3_ws/install/dynamixel_sdk_examples:/home/katie/turtlebot3_ws/install/dynamixel_sdk_custom_interfaces:/home/katie/turtlebot3_ws/install/turtlebot3_teleop:/home/katie/turtlebot3_ws/install/turtlebot3_example:/opt/ros/humble LD_LIBRARY_PATH=/home/katie/turtlebot3_ws/install/turtlebot3_msgs/lib:/home/katie/turtlebot3_ws/install/dynamixel_sdk/lib:/home/katie/turtlebot3_ws/install/dynamixel_sdk_custom_interfaces/lib:/usr/lib/x86_64-linux-gnu/gazebo-11/plugins:/opt/ros/humble/opt/rviz_ogre_vendor/lib:/opt/ros/humble/lib/x86_64-linux-gnu:/opt/ros/humble/lib:/usr/lib/x86_64-linux-gnu/gazebo-11/plugins /usr/bin/cmake /home/katie/turtlebot3_ws/src/turtlebot3/turtlebot3_node -DAMENT_CMAKE_SYMLINK_INSTALL=1 -DCMAKE_INSTALL_PREFIX=/home/katie/turtlebot3_ws/install/turtlebot3_node
[2.334s] Invoking command in '/home/katie/turtlebot3_ws/build/turtlebot3_node': CMAKE_PREFIX_PATH=/home/katie/turtlebot3_ws/install/turtlebot3_msgs:/home/katie/turtlebot3_ws/install/dynamixel_sdk:/home/katie/turtlebot3_ws/install/turtlebot3:/home/katie/turtlebot3_ws/install/turtlebot3_bringup:/home/katie/turtlebot3_ws/install/turtlebot3_node:/home/katie/turtlebot3_ws/install/turtlebot3_navigation2:/home/katie/turtlebot3_ws/install/turtlebot3_description:/home/katie/turtlebot3_ws/install/turtlebot3_cartographer:/home/katie/turtlebot3_ws/install/dynamixel_sdk_examples:/home/katie/turtlebot3_ws/install/dynamixel_sdk_custom_interfaces:/home/katie/turtlebot3_ws/install/turtlebot3_teleop:/home/katie/turtlebot3_ws/install/turtlebot3_example:/opt/ros/humble LD_LIBRARY_PATH=/home/katie/turtlebot3_ws/install/turtlebot3_msgs/lib:/home/katie/turtlebot3_ws/install/dynamixel_sdk/lib:/home/katie/turtlebot3_ws/install/dynamixel_sdk_custom_interfaces/lib:/usr/lib/x86_64-linux-gnu/gazebo-11/plugins:/opt/ros/humble/opt/rviz_ogre_vendor/lib:/opt/ros/humble/lib/x86_64-linux-gnu:/opt/ros/humble/lib:/usr/lib/x86_64-linux-gnu/gazebo-11/plugins /usr/bin/cmake --build /home/katie/turtlebot3_ws/build/turtlebot3_node -- -j8 -l8
[2.418s] [ 14%] [32mBuilding CXX object CMakeFiles/turtlebot3_node_lib.dir/src/devices/reset.cpp.o[0m
[2.420s] [ 35%] [32mBuilding CXX object CMakeFiles/turtlebot3_node_lib.dir/src/devices/motor_power.cpp.o[0m
[2.420s] [ 35%] [32mBuilding CXX object CMakeFiles/turtlebot3_node_lib.dir/src/odometry.cpp.o[0m
[2.420s] [ 35%] [32mBuilding CXX object CMakeFiles/turtlebot3_node_lib.dir/src/dynamixel_sdk_wrapper.cpp.o[0m
[2.422s] [ 14%] [32mBuilding CXX object CMakeFiles/turtlebot3_node_lib.dir/src/devices/sound.cpp.o[0m
[2.425s] [ 42%] [32mBuilding CXX object CMakeFiles/turtlebot3_node_lib.dir/src/diff_drive_controller.cpp.o[0m
[2.432s] [ 50%] [32mBuilding CXX object CMakeFiles/turtlebot3_node_lib.dir/src/turtlebot3.cpp.o[0m
[2.438s] [ 57%] [32mBuilding CXX object CMakeFiles/turtlebot3_node_lib.dir/src/sensors/battery_state.cpp.o[0m
[3.789s] [ 64%] [32mBuilding CXX object CMakeFiles/turtlebot3_node_lib.dir/src/sensors/imu.cpp.o[0m
[12.895s] [ 71%] [32mBuilding CXX object CMakeFiles/turtlebot3_node_lib.dir/src/sensors/joint_state.cpp.o[0m
[13.964s] [ 78%] [32mBuilding CXX object CMakeFiles/turtlebot3_node_lib.dir/src/sensors/sensor_state.cpp.o[0m
[31.535s] [ 85%] [32m[1mLinking CXX static library libturtlebot3_node_lib.a[0m
[32.478s] [ 85%] Built target turtlebot3_node_lib
[32.512s] [ 92%] [32mBuilding CXX object CMakeFiles/turtlebot3_ros.dir/src/node_main.cpp.o[0m
[36.384s] [100%] [32m[1mLinking CXX executable turtlebot3_ros[0m
[38.887s] [100%] Built target turtlebot3_ros
[38.918s] Invoked command in '/home/katie/turtlebot3_ws/build/turtlebot3_node' returned '0': CMAKE_PREFIX_PATH=/home/katie/turtlebot3_ws/install/turtlebot3_msgs:/home/katie/turtlebot3_ws/install/dynamixel_sdk:/home/katie/turtlebot3_ws/install/turtlebot3:/home/katie/turtlebot3_ws/install/turtlebot3_bringup:/home/katie/turtlebot3_ws/install/turtlebot3_node:/home/katie/turtlebot3_ws/install/turtlebot3_navigation2:/home/katie/turtlebot3_ws/install/turtlebot3_description:/home/katie/turtlebot3_ws/install/turtlebot3_cartographer:/home/katie/turtlebot3_ws/install/dynamixel_sdk_examples:/home/katie/turtlebot3_ws/install/dynamixel_sdk_custom_interfaces:/home/katie/turtlebot3_ws/install/turtlebot3_teleop:/home/katie/turtlebot3_ws/install/turtlebot3_example:/opt/ros/humble LD_LIBRARY_PATH=/home/katie/turtlebot3_ws/install/turtlebot3_msgs/lib:/home/katie/turtlebot3_ws/install/dynamixel_sdk/lib:/home/katie/turtlebot3_ws/install/dynamixel_sdk_custom_interfaces/lib:/usr/lib/x86_64-linux-gnu/gazebo-11/plugins:/opt/ros/humble/opt/rviz_ogre_vendor/lib:/opt/ros/humble/lib/x86_64-linux-gnu:/opt/ros/humble/lib:/usr/lib/x86_64-linux-gnu/gazebo-11/plugins /usr/bin/cmake --build /home/katie/turtlebot3_ws/build/turtlebot3_node -- -j8 -l8
[38.922s] Invoking command in '/home/katie/turtlebot3_ws/build/turtlebot3_node': CMAKE_PREFIX_PATH=/home/katie/turtlebot3_ws/install/turtlebot3_msgs:/home/katie/turtlebot3_ws/install/dynamixel_sdk:/home/katie/turtlebot3_ws/install/turtlebot3:/home/katie/turtlebot3_ws/install/turtlebot3_bringup:/home/katie/turtlebot3_ws/install/turtlebot3_node:/home/katie/turtlebot3_ws/install/turtlebot3_navigation2:/home/katie/turtlebot3_ws/install/turtlebot3_description:/home/katie/turtlebot3_ws/install/turtlebot3_cartographer:/home/katie/turtlebot3_ws/install/dynamixel_sdk_examples:/home/katie/turtlebot3_ws/install/dynamixel_sdk_custom_interfaces:/home/katie/turtlebot3_ws/install/turtlebot3_teleop:/home/katie/turtlebot3_ws/install/turtlebot3_example:/opt/ros/humble LD_LIBRARY_PATH=/home/katie/turtlebot3_ws/install/turtlebot3_msgs/lib:/home/katie/turtlebot3_ws/install/dynamixel_sdk/lib:/home/katie/turtlebot3_ws/install/dynamixel_sdk_custom_interfaces/lib:/usr/lib/x86_64-linux-gnu/gazebo-11/plugins:/opt/ros/humble/opt/rviz_ogre_vendor/lib:/opt/ros/humble/lib/x86_64-linux-gnu:/opt/ros/humble/lib:/usr/lib/x86_64-linux-gnu/gazebo-11/plugins /usr/bin/cmake --install /home/katie/turtlebot3_ws/build/turtlebot3_node
[38.931s] -- Install configuration: ""
[38.931s] -- Execute custom install script
[38.932s] -- Symlinking: /home/katie/turtlebot3_ws/install/turtlebot3_node/share/turtlebot3_node/param/burger.yaml
[38.947s] -- Symlinking: /home/katie/turtlebot3_ws/install/turtlebot3_node/share/turtlebot3_node/param/waffle.yaml
[38.961s] -- Symlinking: /home/katie/turtlebot3_ws/install/turtlebot3_node/share/turtlebot3_node/param/waffle_pi.yaml
[38.972s] -- Symlinking: /home/katie/turtlebot3_ws/install/turtlebot3_node/lib/turtlebot3_node/turtlebot3_ros
[38.983s] -- Symlinking: /home/katie/turtlebot3_ws/install/turtlebot3_node/share/ament_index/resource_index/package_run_dependencies/turtlebot3_node
[38.997s] -- Symlinking: /home/katie/turtlebot3_ws/install/turtlebot3_node/share/ament_index/resource_index/parent_prefix_path/turtlebot3_node
[39.009s] -- Symlinking: /home/katie/turtlebot3_ws/install/turtlebot3_node/share/turtlebot3_node/environment/ament_prefix_path.sh
[39.022s] -- Symlinking: /home/katie/turtlebot3_ws/install/turtlebot3_node/share/turtlebot3_node/environment/ament_prefix_path.dsv
[39.036s] -- Symlinking: /home/katie/turtlebot3_ws/install/turtlebot3_node/share/turtlebot3_node/environment/path.sh
[39.049s] -- Symlinking: /home/katie/turtlebot3_ws/install/turtlebot3_node/share/turtlebot3_node/environment/path.dsv
[39.059s] -- Symlinking: /home/katie/turtlebot3_ws/install/turtlebot3_node/share/turtlebot3_node/local_setup.bash
[39.070s] -- Symlinking: /home/katie/turtlebot3_ws/install/turtlebot3_node/share/turtlebot3_node/local_setup.sh
[39.081s] -- Symlinking: /home/katie/turtlebot3_ws/install/turtlebot3_node/share/turtlebot3_node/local_setup.zsh
[39.092s] -- Symlinking: /home/katie/turtlebot3_ws/install/turtlebot3_node/share/turtlebot3_node/local_setup.dsv
[39.102s] -- Symlinking: /home/katie/turtlebot3_ws/install/turtlebot3_node/share/turtlebot3_node/package.dsv
[39.113s] -- Symlinking: /home/katie/turtlebot3_ws/install/turtlebot3_node/share/ament_index/resource_index/packages/turtlebot3_node
[39.124s] -- Symlinking: /home/katie/turtlebot3_ws/install/turtlebot3_node/share/turtlebot3_node/cmake/ament_cmake_export_include_directories-extras.cmake
[39.134s] -- Symlinking: /home/katie/turtlebot3_ws/install/turtlebot3_node/share/turtlebot3_node/cmake/turtlebot3_nodeConfig.cmake
[39.156s] -- Symlinking: /home/katie/turtlebot3_ws/install/turtlebot3_node/share/turtlebot3_node/cmake/turtlebot3_nodeConfig-version.cmake
[39.166s] -- Symlinking: /home/katie/turtlebot3_ws/install/turtlebot3_node/share/turtlebot3_node/package.xml
[39.180s] Invoked command in '/home/katie/turtlebot3_ws/build/turtlebot3_node' returned '0': CMAKE_PREFIX_PATH=/home/katie/turtlebot3_ws/install/turtlebot3_msgs:/home/katie/turtlebot3_ws/install/dynamixel_sdk:/home/katie/turtlebot3_ws/install/turtlebot3:/home/katie/turtlebot3_ws/install/turtlebot3_bringup:/home/katie/turtlebot3_ws/install/turtlebot3_node:/home/katie/turtlebot3_ws/install/turtlebot3_navigation2:/home/katie/turtlebot3_ws/install/turtlebot3_description:/home/katie/turtlebot3_ws/install/turtlebot3_cartographer:/home/katie/turtlebot3_ws/install/dynamixel_sdk_examples:/home/katie/turtlebot3_ws/install/dynamixel_sdk_custom_interfaces:/home/katie/turtlebot3_ws/install/turtlebot3_teleop:/home/katie/turtlebot3_ws/install/turtlebot3_example:/opt/ros/humble LD_LIBRARY_PATH=/home/katie/turtlebot3_ws/install/turtlebot3_msgs/lib:/home/katie/turtlebot3_ws/install/dynamixel_sdk/lib:/home/katie/turtlebot3_ws/install/dynamixel_sdk_custom_interfaces/lib:/usr/lib/x86_64-linux-gnu/gazebo-11/plugins:/opt/ros/humble/opt/rviz_ogre_vendor/lib:/opt/ros/humble/lib/x86_64-linux-gnu:/opt/ros/humble/lib:/usr/lib/x86_64-linux-gnu/gazebo-11/plugins /usr/bin/cmake --install /home/katie/turtlebot3_ws/build/turtlebot3_node
