[0.046s] Invoking command in '/home/katie/turtlebot3_ws/build/turtlebot3_gazebo': CMAKE_PREFIX_PATH=${CMAKE_PREFIX_PATH}:/home/katie/turtlebot3_ws/install/turtlebot3_teleop:/home/katie/turtlebot3_ws/install/turtlebot3_example:/opt/ros/humble /usr/bin/cmake /home/katie/turtlebot3_ws/src/turtlebot3/turtlebot3_simulations/turtlebot3_gazebo -DAMENT_CMAKE_SYMLINK_INSTALL=1 -DCMAKE_INSTALL_PREFIX=/home/katie/turtlebot3_ws/install/turtlebot3_gazebo
[2.338s] -- The C compiler identification is GNU 11.4.0
[2.338s] -- The CXX compiler identification is GNU 11.4.0
[2.338s] -- Detecting C compiler ABI info
[2.338s] -- Detecting C compiler ABI info - done
[2.338s] -- Check for working C compiler: /usr/bin/cc - skipped
[2.339s] -- Detecting C compile features
[2.339s] -- Detecting C compile features - done
[2.339s] -- Detecting CXX compiler ABI info
[2.339s] -- Detecting CXX compiler ABI info - done
[2.339s] -- Check for working CXX compiler: /usr/bin/c++ - skipped
[2.339s] -- Detecting CXX compile features
[2.339s] -- Detecting CXX compile features - done
[2.339s] -- Found ament_cmake: 1.3.11 (/opt/ros/humble/share/ament_cmake/cmake)
[2.339s] -- Found Python3: /usr/bin/python3 (found version "3.10.12") found components: Interpreter 
[2.340s] -- Override CMake install command with custom implementation using symlinks instead of copying resources
[2.340s] -- Found PkgConfig: /usr/bin/pkg-config (found version "0.29.2") 
[2.340s] -- Checking for module 'bullet>=2.82'
[2.340s] --   Found bullet, version 3.05
[2.343s] [33mCMake Warning (dev) at /usr/share/cmake-3.22/Modules/FindPackageHandleStandardArgs.cmake:438 (message):
[2.343s]   The package name passed to `find_package_handle_standard_args` (PkgConfig)
[2.343s]   does not match the name of the calling package (gazebo).  This can lead to
[2.343s]   problems in calling code that expects `find_package` result variables
[2.343s]   (e.g., `_FOUND`) to follow a certain pattern.
[2.343s] Call Stack (most recent call first):
[2.344s]   /usr/share/cmake-3.22/Modules/FindPkgConfig.cmake:99 (find_package_handle_standard_args)
[2.344s]   /usr/lib/x86_64-linux-gnu/cmake/gazebo/gazebo-config.cmake:72 (include)
[2.344s]   CMakeLists.txt:23 (find_package)
[2.344s] This warning is for project developers.  Use -Wno-dev to suppress it.
[2.344s] [0m
[2.796s] -- Found fcl: /usr/include (found suitable version "0.7.0", minimum required is "0.5.0") 
[3.189s] -- Found assimp: /usr/include (found version "5.2.0") 
[3.242s] -- Found DART: /usr/include (Required is at least version "6.6") found components: dart 
[3.848s] -- Found Boost: /usr/lib/x86_64-linux-gnu/cmake/Boost-1.74.0/BoostConfig.cmake (found suitable version "1.74.0", minimum required is "1.40.0") found components: thread system filesystem program_options regex iostreams date_time 
[3.906s] -- Found Protobuf: /usr/lib/x86_64-linux-gnu/libprotobuf.so (found version "3.12.4") 
[3.918s] -- Looking for ignition-math6 -- found version 6.15.1
[3.932s] -- Searching for dependencies of ignition-math6
[3.936s] -- Looking for OGRE...
[3.938s] -- OGRE_PREFIX_WATCH changed.
[3.949s] -- Checking for module 'OGRE'
[3.978s] --   Found OGRE, version 1.9.0
[4.045s] -- Found Ogre Ghadamon (1.9.0)
[4.067s] -- Found OGRE: optimized;/usr/lib/x86_64-linux-gnu/libOgreMain.so;debug;/usr/lib/x86_64-linux-gnu/libOgreMain.so
[4.084s] -- Looking for OGRE_Paging...
[4.103s] -- Found OGRE_Paging: optimized;/usr/lib/x86_64-linux-gnu/libOgrePaging.so;debug;/usr/lib/x86_64-linux-gnu/libOgrePaging.so
[4.103s] -- Looking for OGRE_Terrain...
[4.121s] -- Found OGRE_Terrain: optimized;/usr/lib/x86_64-linux-gnu/libOgreTerrain.so;debug;/usr/lib/x86_64-linux-gnu/libOgreTerrain.so
[4.122s] -- Looking for OGRE_Property...
[4.143s] -- Found OGRE_Property: optimized;/usr/lib/x86_64-linux-gnu/libOgreProperty.so;debug;/usr/lib/x86_64-linux-gnu/libOgreProperty.so
[4.144s] -- Looking for OGRE_RTShaderSystem...
[4.163s] -- Found OGRE_RTShaderSystem: optimized;/usr/lib/x86_64-linux-gnu/libOgreRTShaderSystem.so;debug;/usr/lib/x86_64-linux-gnu/libOgreRTShaderSystem.so
[4.163s] -- Looking for OGRE_Volume...
[4.181s] -- Found OGRE_Volume: optimized;/usr/lib/x86_64-linux-gnu/libOgreVolume.so;debug;/usr/lib/x86_64-linux-gnu/libOgreVolume.so
[4.181s] -- Looking for OGRE_Overlay...
[4.207s] -- Found OGRE_Overlay: optimized;/usr/lib/x86_64-linux-gnu/libOgreOverlay.so;debug;/usr/lib/x86_64-linux-gnu/libOgreOverlay.so
[4.574s] -- Looking for ignition-math6 -- found version 6.15.1
[4.580s] -- Looking for ignition-transport8 -- found version 8.2.1
[4.581s] -- Searching for dependencies of ignition-transport8
[4.623s] -- Found Protobuf: /usr/lib/x86_64-linux-gnu/libprotobuf.so (found suitable version "3.12.4", minimum required is "3") 
[4.649s] -- Config-file not installed for ZeroMQ -- checking for pkg-config
[4.659s] -- Checking for module 'libzmq >= 4'
[4.691s] --   Found libzmq , version 4.3.4
[4.782s] -- Found ZeroMQ: TRUE (Required is at least version "4") 
[4.796s] -- Checking for module 'uuid'
[4.829s] --   Found uuid, version 2.37.2
[4.951s] -- Found UUID: TRUE  
[4.961s] -- Looking for ignition-msgs5 -- found version 5.8.1
[4.961s] -- Searching for dependencies of ignition-msgs5
[5.047s] -- Looking for ignition-math6 -- found version 6.15.1
[5.074s] -- Checking for module 'tinyxml2'
[5.189s] --   Found tinyxml2, version 9.0.0
[5.316s] -- Looking for ignition-msgs5 -- found version 5.8.1
[5.321s] -- Looking for ignition-common3 -- found version 3.14.0
[5.322s] -- Searching for dependencies of ignition-common3
[5.323s] -- Looking for dlfcn.h - found
[5.325s] -- Looking for libdl - found
[5.328s] -- Found DL: TRUE  
[5.357s] -- Found tinyobjloader: /usr/lib/x86_64-linux-gnu/cmake/tinyobjloader/tinyobjloader-config.cmake (found version "2.0.0") 
[5.358s] -- Searching for <ignition-common3> component [graphics]
[5.365s] -- Looking for ignition-common3-graphics -- found version 3.14.0
[5.365s] -- Searching for dependencies of ignition-common3-graphics
[5.366s] -- Looking for ignition-math6 -- found version 6.15.1
[5.374s] -- Looking for ignition-fuel_tools4 -- found version 4.4.0
[5.374s] -- Searching for dependencies of ignition-fuel_tools4
[5.629s] -- Found CURL: /usr/lib/x86_64-linux-gnu/libcurl.so (found version "7.81.0")  
[5.651s] -- Checking for module 'jsoncpp'
[5.722s] --   Found jsoncpp, version 1.9.5
[5.909s] -- Found JSONCPP: TRUE  
[5.941s] -- Checking for module 'libzip'
[6.043s] --   Found libzip, version 1.7.3
[6.133s] -- Found ZIP: TRUE  
[6.135s] -- Looking for ignition-common3 -- found version 3.14.0
[6.136s] -- Looking for ignition-math6 -- found version 6.15.1
[6.142s] -- Looking for ignition-msgs5 -- found version 5.8.1
[6.155s] -- Found gazebo_ros_pkgs: 3.9.0 (/opt/ros/humble/share/gazebo_ros_pkgs/cmake)
[6.161s] -- Found geometry_msgs: 4.2.4 (/opt/ros/humble/share/geometry_msgs/cmake)
[6.252s] -- Found rosidl_generator_c: 3.1.6 (/opt/ros/humble/share/rosidl_generator_c/cmake)
[6.267s] -- Found rosidl_adapter: 3.1.6 (/opt/ros/humble/share/rosidl_adapter/cmake)
[6.291s] -- Found rosidl_generator_cpp: 3.1.6 (/opt/ros/humble/share/rosidl_generator_cpp/cmake)
[6.325s] -- Using all available rosidl_typesupport_c: rosidl_typesupport_fastrtps_c;rosidl_typesupport_introspection_c
[6.373s] -- Using all available rosidl_typesupport_cpp: rosidl_typesupport_fastrtps_cpp;rosidl_typesupport_introspection_cpp
[6.523s] -- Found nav_msgs: 4.2.4 (/opt/ros/humble/share/nav_msgs/cmake)
[6.586s] -- Found rclcpp: 16.0.11 (/opt/ros/humble/share/rclcpp/cmake)
[6.744s] -- Found rmw_implementation_cmake: 6.1.2 (/opt/ros/humble/share/rmw_implementation_cmake/cmake)
[6.779s] -- Found rmw_fastrtps_cpp: 6.2.7 (/opt/ros/humble/share/rmw_fastrtps_cpp/cmake)
[7.082s] -- Found OpenSSL: /usr/lib/x86_64-linux-gnu/libcrypto.so (found version "3.0.2")  
[7.162s] -- Found FastRTPS: /opt/ros/humble/include  
[7.277s] -- Using RMW implementation 'rmw_fastrtps_cpp' as default
[7.302s] -- Found Threads: TRUE  
[7.401s] -- Found sensor_msgs: 4.2.4 (/opt/ros/humble/share/sensor_msgs/cmake)
[7.449s] -- Found tf2: 0.25.12 (/opt/ros/humble/share/tf2/cmake)
[7.621s] -- Configuring done
[7.698s] -- Generating done
[7.714s] -- Build files have been written to: /home/katie/turtlebot3_ws/build/turtlebot3_gazebo
