[0.471s] Invoking command in '/home/katie/turtlebot3_ws/build/turtlebot3_fake_node': CMAKE_PREFIX_PATH=/home/katie/turtlebot3_ws/install/turtlebot3_msgs:/home/katie/turtlebot3_ws/install/turtlebot3:/home/katie/turtlebot3_ws/install/turtlebot3_bringup:/home/katie/turtlebot3_ws/install/turtlebot3_node:/home/katie/turtlebot3_ws/install/turtlebot3_navigation2:/home/katie/turtlebot3_ws/install/turtlebot3_description:/home/katie/turtlebot3_ws/install/turtlebot3_cartographer:/home/katie/turtlebot3_ws/install/dynamixel_sdk_examples:/home/katie/turtlebot3_ws/install/dynamixel_sdk_custom_interfaces:/home/katie/turtlebot3_ws/install/dynamixel_sdk:/home/katie/turtlebot3_ws/install/turtlebot3_teleop:/home/katie/turtlebot3_ws/install/turtlebot3_example:/opt/ros/humble LD_LIBRARY_PATH=/home/katie/turtlebot3_ws/install/turtlebot3_msgs/lib:/home/katie/turtlebot3_ws/install/dynamixel_sdk_custom_interfaces/lib:/home/katie/turtlebot3_ws/install/dynamixel_sdk/lib:/usr/lib/x86_64-linux-gnu/gazebo-11/plugins:/opt/ros/humble/opt/rviz_ogre_vendor/lib:/opt/ros/humble/lib/x86_64-linux-gnu:/opt/ros/humble/lib:/usr/lib/x86_64-linux-gnu/gazebo-11/plugins /usr/bin/cmake /home/katie/turtlebot3_ws/src/turtlebot3/turtlebot3_simulations/turtlebot3_fake_node -DAMENT_CMAKE_SYMLINK_INSTALL=1 -DCMAKE_INSTALL_PREFIX=/home/katie/turtlebot3_ws/install/turtlebot3_fake_node
[0.561s] -- The C compiler identification is GNU 11.4.0
[0.645s] -- The CXX compiler identification is GNU 11.4.0
[0.656s] -- Detecting C compiler ABI info
[0.759s] -- Detecting C compiler ABI info - done
[0.773s] -- Check for working C compiler: /usr/bin/cc - skipped
[0.774s] -- Detecting C compile features
[0.774s] -- Detecting C compile features - done
[0.780s] -- Detecting CXX compiler ABI info
[0.911s] -- Detecting CXX compiler ABI info - done
[0.927s] -- Check for working CXX compiler: /usr/bin/c++ - skipped
[0.927s] -- Detecting CXX compile features
[0.928s] -- Detecting CXX compile features - done
[0.935s] -- Found ament_cmake: 1.3.11 (/opt/ros/humble/share/ament_cmake/cmake)
[1.202s] -- Found Python3: /usr/bin/python3 (found version "3.10.12") found components: Interpreter 
[1.305s] -- Override CMake install command with custom implementation using symlinks instead of copying resources
[1.379s] -- Found geometry_msgs: 4.2.4 (/opt/ros/humble/share/geometry_msgs/cmake)
[1.452s] -- Found rosidl_generator_c: 3.1.6 (/opt/ros/humble/share/rosidl_generator_c/cmake)
[1.467s] -- Found rosidl_adapter: 3.1.6 (/opt/ros/humble/share/rosidl_adapter/cmake)
[1.488s] -- Found rosidl_generator_cpp: 3.1.6 (/opt/ros/humble/share/rosidl_generator_cpp/cmake)
[1.511s] -- Using all available rosidl_typesupport_c: rosidl_typesupport_fastrtps_c;rosidl_typesupport_introspection_c
[1.542s] -- Using all available rosidl_typesupport_cpp: rosidl_typesupport_fastrtps_cpp;rosidl_typesupport_introspection_cpp
[1.599s] -- Found nav_msgs: 4.2.4 (/opt/ros/humble/share/nav_msgs/cmake)
[1.628s] -- Found rclcpp: 16.0.11 (/opt/ros/humble/share/rclcpp/cmake)
[1.693s] -- Found rmw_implementation_cmake: 6.1.2 (/opt/ros/humble/share/rmw_implementation_cmake/cmake)
[1.698s] -- Found rmw_fastrtps_cpp: 6.2.7 (/opt/ros/humble/share/rmw_fastrtps_cpp/cmake)
[1.845s] -- Found OpenSSL: /usr/lib/x86_64-linux-gnu/libcrypto.so (found version "3.0.2")  
[1.902s] -- Found FastRTPS: /opt/ros/humble/include  
[1.997s] -- Using RMW implementation 'rmw_fastrtps_cpp' as default
[2.013s] -- Looking for pthread.h
[2.126s] -- Looking for pthread.h - found
[2.127s] -- Performing Test CMAKE_HAVE_LIBC_PTHREAD
[2.243s] -- Performing Test CMAKE_HAVE_LIBC_PTHREAD - Success
[2.245s] -- Found Threads: TRUE  
[2.305s] -- Found sensor_msgs: 4.2.4 (/opt/ros/humble/share/sensor_msgs/cmake)
[2.332s] -- Found tf2: 0.25.12 (/opt/ros/humble/share/tf2/cmake)
[2.352s] -- Found tf2_msgs: 0.25.12 (/opt/ros/humble/share/tf2_msgs/cmake)
[2.432s] -- Found turtlebot3_msgs: 2.2.3 (/home/katie/turtlebot3_ws/install/turtlebot3_msgs/share/turtlebot3_msgs/cmake)
[2.739s] -- Configuring done
[2.790s] -- Generating done
[2.807s] -- Build files have been written to: /home/katie/turtlebot3_ws/build/turtlebot3_fake_node
[2.847s] Invoked command in '/home/katie/turtlebot3_ws/build/turtlebot3_fake_node' returned '0': CMAKE_PREFIX_PATH=/home/katie/turtlebot3_ws/install/turtlebot3_msgs:/home/katie/turtlebot3_ws/install/turtlebot3:/home/katie/turtlebot3_ws/install/turtlebot3_bringup:/home/katie/turtlebot3_ws/install/turtlebot3_node:/home/katie/turtlebot3_ws/install/turtlebot3_navigation2:/home/katie/turtlebot3_ws/install/turtlebot3_description:/home/katie/turtlebot3_ws/install/turtlebot3_cartographer:/home/katie/turtlebot3_ws/install/dynamixel_sdk_examples:/home/katie/turtlebot3_ws/install/dynamixel_sdk_custom_interfaces:/home/katie/turtlebot3_ws/install/dynamixel_sdk:/home/katie/turtlebot3_ws/install/turtlebot3_teleop:/home/katie/turtlebot3_ws/install/turtlebot3_example:/opt/ros/humble LD_LIBRARY_PATH=/home/katie/turtlebot3_ws/install/turtlebot3_msgs/lib:/home/katie/turtlebot3_ws/install/dynamixel_sdk_custom_interfaces/lib:/home/katie/turtlebot3_ws/install/dynamixel_sdk/lib:/usr/lib/x86_64-linux-gnu/gazebo-11/plugins:/opt/ros/humble/opt/rviz_ogre_vendor/lib:/opt/ros/humble/lib/x86_64-linux-gnu:/opt/ros/humble/lib:/usr/lib/x86_64-linux-gnu/gazebo-11/plugins /usr/bin/cmake /home/katie/turtlebot3_ws/src/turtlebot3/turtlebot3_simulations/turtlebot3_fake_node -DAMENT_CMAKE_SYMLINK_INSTALL=1 -DCMAKE_INSTALL_PREFIX=/home/katie/turtlebot3_ws/install/turtlebot3_fake_node
[2.848s] Invoking command in '/home/katie/turtlebot3_ws/build/turtlebot3_fake_node': CMAKE_PREFIX_PATH=/home/katie/turtlebot3_ws/install/turtlebot3_msgs:/home/katie/turtlebot3_ws/install/turtlebot3:/home/katie/turtlebot3_ws/install/turtlebot3_bringup:/home/katie/turtlebot3_ws/install/turtlebot3_node:/home/katie/turtlebot3_ws/install/turtlebot3_navigation2:/home/katie/turtlebot3_ws/install/turtlebot3_description:/home/katie/turtlebot3_ws/install/turtlebot3_cartographer:/home/katie/turtlebot3_ws/install/dynamixel_sdk_examples:/home/katie/turtlebot3_ws/install/dynamixel_sdk_custom_interfaces:/home/katie/turtlebot3_ws/install/dynamixel_sdk:/home/katie/turtlebot3_ws/install/turtlebot3_teleop:/home/katie/turtlebot3_ws/install/turtlebot3_example:/opt/ros/humble LD_LIBRARY_PATH=/home/katie/turtlebot3_ws/install/turtlebot3_msgs/lib:/home/katie/turtlebot3_ws/install/dynamixel_sdk_custom_interfaces/lib:/home/katie/turtlebot3_ws/install/dynamixel_sdk/lib:/usr/lib/x86_64-linux-gnu/gazebo-11/plugins:/opt/ros/humble/opt/rviz_ogre_vendor/lib:/opt/ros/humble/lib/x86_64-linux-gnu:/opt/ros/humble/lib:/usr/lib/x86_64-linux-gnu/gazebo-11/plugins /usr/bin/cmake --build /home/katie/turtlebot3_ws/build/turtlebot3_fake_node -- -j8 -l8
[3.135s] [ 50%] [32mBuilding CXX object CMakeFiles/turtlebot3_fake_node.dir/src/turtlebot3_fake_node.cpp.o[0m
[26.247s] [100%] [32m[1mLinking CXX executable turtlebot3_fake_node[0m
[27.381s] [100%] Built target turtlebot3_fake_node
[27.411s] Invoked command in '/home/katie/turtlebot3_ws/build/turtlebot3_fake_node' returned '0': CMAKE_PREFIX_PATH=/home/katie/turtlebot3_ws/install/turtlebot3_msgs:/home/katie/turtlebot3_ws/install/turtlebot3:/home/katie/turtlebot3_ws/install/turtlebot3_bringup:/home/katie/turtlebot3_ws/install/turtlebot3_node:/home/katie/turtlebot3_ws/install/turtlebot3_navigation2:/home/katie/turtlebot3_ws/install/turtlebot3_description:/home/katie/turtlebot3_ws/install/turtlebot3_cartographer:/home/katie/turtlebot3_ws/install/dynamixel_sdk_examples:/home/katie/turtlebot3_ws/install/dynamixel_sdk_custom_interfaces:/home/katie/turtlebot3_ws/install/dynamixel_sdk:/home/katie/turtlebot3_ws/install/turtlebot3_teleop:/home/katie/turtlebot3_ws/install/turtlebot3_example:/opt/ros/humble LD_LIBRARY_PATH=/home/katie/turtlebot3_ws/install/turtlebot3_msgs/lib:/home/katie/turtlebot3_ws/install/dynamixel_sdk_custom_interfaces/lib:/home/katie/turtlebot3_ws/install/dynamixel_sdk/lib:/usr/lib/x86_64-linux-gnu/gazebo-11/plugins:/opt/ros/humble/opt/rviz_ogre_vendor/lib:/opt/ros/humble/lib/x86_64-linux-gnu:/opt/ros/humble/lib:/usr/lib/x86_64-linux-gnu/gazebo-11/plugins /usr/bin/cmake --build /home/katie/turtlebot3_ws/build/turtlebot3_fake_node -- -j8 -l8
[27.415s] Invoking command in '/home/katie/turtlebot3_ws/build/turtlebot3_fake_node': CMAKE_PREFIX_PATH=/home/katie/turtlebot3_ws/install/turtlebot3_msgs:/home/katie/turtlebot3_ws/install/turtlebot3:/home/katie/turtlebot3_ws/install/turtlebot3_bringup:/home/katie/turtlebot3_ws/install/turtlebot3_node:/home/katie/turtlebot3_ws/install/turtlebot3_navigation2:/home/katie/turtlebot3_ws/install/turtlebot3_description:/home/katie/turtlebot3_ws/install/turtlebot3_cartographer:/home/katie/turtlebot3_ws/install/dynamixel_sdk_examples:/home/katie/turtlebot3_ws/install/dynamixel_sdk_custom_interfaces:/home/katie/turtlebot3_ws/install/dynamixel_sdk:/home/katie/turtlebot3_ws/install/turtlebot3_teleop:/home/katie/turtlebot3_ws/install/turtlebot3_example:/opt/ros/humble LD_LIBRARY_PATH=/home/katie/turtlebot3_ws/install/turtlebot3_msgs/lib:/home/katie/turtlebot3_ws/install/dynamixel_sdk_custom_interfaces/lib:/home/katie/turtlebot3_ws/install/dynamixel_sdk/lib:/usr/lib/x86_64-linux-gnu/gazebo-11/plugins:/opt/ros/humble/opt/rviz_ogre_vendor/lib:/opt/ros/humble/lib/x86_64-linux-gnu:/opt/ros/humble/lib:/usr/lib/x86_64-linux-gnu/gazebo-11/plugins /usr/bin/cmake --install /home/katie/turtlebot3_ws/build/turtlebot3_fake_node
[27.434s] -- Install configuration: ""
[27.435s] -- Execute custom install script
[27.437s] -- Symlinking: /home/katie/turtlebot3_ws/install/turtlebot3_fake_node/lib/turtlebot3_fake_node/turtlebot3_fake_node
[27.464s] -- Symlinking: /home/katie/turtlebot3_ws/install/turtlebot3_fake_node/share/turtlebot3_fake_node/launch/rviz2.launch.py
[27.490s] -- Symlinking: /home/katie/turtlebot3_ws/install/turtlebot3_fake_node/share/turtlebot3_fake_node/launch/turtlebot3_fake_node.launch.py
[27.525s] -- Symlinking: /home/katie/turtlebot3_ws/install/turtlebot3_fake_node/share/turtlebot3_fake_node/param/burger.yaml
[27.548s] -- Symlinking: /home/katie/turtlebot3_ws/install/turtlebot3_fake_node/share/turtlebot3_fake_node/param/waffle.yaml
[27.571s] -- Symlinking: /home/katie/turtlebot3_ws/install/turtlebot3_fake_node/share/turtlebot3_fake_node/param/waffle_pi.yaml
[27.596s] -- Symlinking: /home/katie/turtlebot3_ws/install/turtlebot3_fake_node/include//turtlebot3_fake_node/turtlebot3_fake_node.hpp
[27.619s] -- Symlinking: /home/katie/turtlebot3_ws/install/turtlebot3_fake_node/share/ament_index/resource_index/package_run_dependencies/turtlebot3_fake_node
[27.643s] -- Symlinking: /home/katie/turtlebot3_ws/install/turtlebot3_fake_node/share/ament_index/resource_index/parent_prefix_path/turtlebot3_fake_node
[27.668s] -- Symlinking: /home/katie/turtlebot3_ws/install/turtlebot3_fake_node/share/turtlebot3_fake_node/environment/ament_prefix_path.sh
[27.686s] -- Symlinking: /home/katie/turtlebot3_ws/install/turtlebot3_fake_node/share/turtlebot3_fake_node/environment/ament_prefix_path.dsv
[27.711s] -- Symlinking: /home/katie/turtlebot3_ws/install/turtlebot3_fake_node/share/turtlebot3_fake_node/environment/path.sh
[27.736s] -- Symlinking: /home/katie/turtlebot3_ws/install/turtlebot3_fake_node/share/turtlebot3_fake_node/environment/path.dsv
[27.762s] -- Symlinking: /home/katie/turtlebot3_ws/install/turtlebot3_fake_node/share/turtlebot3_fake_node/local_setup.bash
[27.789s] -- Symlinking: /home/katie/turtlebot3_ws/install/turtlebot3_fake_node/share/turtlebot3_fake_node/local_setup.sh
[27.817s] -- Symlinking: /home/katie/turtlebot3_ws/install/turtlebot3_fake_node/share/turtlebot3_fake_node/local_setup.zsh
[27.834s] -- Symlinking: /home/katie/turtlebot3_ws/install/turtlebot3_fake_node/share/turtlebot3_fake_node/local_setup.dsv
[27.859s] -- Symlinking: /home/katie/turtlebot3_ws/install/turtlebot3_fake_node/share/turtlebot3_fake_node/package.dsv
[27.885s] -- Symlinking: /home/katie/turtlebot3_ws/install/turtlebot3_fake_node/share/ament_index/resource_index/packages/turtlebot3_fake_node
[27.913s] -- Symlinking: /home/katie/turtlebot3_ws/install/turtlebot3_fake_node/share/turtlebot3_fake_node/cmake/ament_cmake_export_include_directories-extras.cmake
[27.940s] -- Symlinking: /home/katie/turtlebot3_ws/install/turtlebot3_fake_node/share/turtlebot3_fake_node/cmake/ament_cmake_export_dependencies-extras.cmake
[27.965s] -- Symlinking: /home/katie/turtlebot3_ws/install/turtlebot3_fake_node/share/turtlebot3_fake_node/cmake/turtlebot3_fake_nodeConfig.cmake
[27.989s] -- Symlinking: /home/katie/turtlebot3_ws/install/turtlebot3_fake_node/share/turtlebot3_fake_node/cmake/turtlebot3_fake_nodeConfig-version.cmake
[28.012s] -- Symlinking: /home/katie/turtlebot3_ws/install/turtlebot3_fake_node/share/turtlebot3_fake_node/package.xml
[28.043s] Invoked command in '/home/katie/turtlebot3_ws/build/turtlebot3_fake_node' returned '0': CMAKE_PREFIX_PATH=/home/katie/turtlebot3_ws/install/turtlebot3_msgs:/home/katie/turtlebot3_ws/install/turtlebot3:/home/katie/turtlebot3_ws/install/turtlebot3_bringup:/home/katie/turtlebot3_ws/install/turtlebot3_node:/home/katie/turtlebot3_ws/install/turtlebot3_navigation2:/home/katie/turtlebot3_ws/install/turtlebot3_description:/home/katie/turtlebot3_ws/install/turtlebot3_cartographer:/home/katie/turtlebot3_ws/install/dynamixel_sdk_examples:/home/katie/turtlebot3_ws/install/dynamixel_sdk_custom_interfaces:/home/katie/turtlebot3_ws/install/dynamixel_sdk:/home/katie/turtlebot3_ws/install/turtlebot3_teleop:/home/katie/turtlebot3_ws/install/turtlebot3_example:/opt/ros/humble LD_LIBRARY_PATH=/home/katie/turtlebot3_ws/install/turtlebot3_msgs/lib:/home/katie/turtlebot3_ws/install/dynamixel_sdk_custom_interfaces/lib:/home/katie/turtlebot3_ws/install/dynamixel_sdk/lib:/usr/lib/x86_64-linux-gnu/gazebo-11/plugins:/opt/ros/humble/opt/rviz_ogre_vendor/lib:/opt/ros/humble/lib/x86_64-linux-gnu:/opt/ros/humble/lib:/usr/lib/x86_64-linux-gnu/gazebo-11/plugins /usr/bin/cmake --install /home/katie/turtlebot3_ws/build/turtlebot3_fake_node
