[1.962s] Invoking command in '/home/katie/turtlebot3_ws/build/turtlebot3_teleop': PYTHONPATH=/home/katie/turtlebot3_ws/build/turtlebot3_teleop/prefix_override:/usr/lib/python3/dist-packages/colcon_core/task/python/colcon_distutils_commands:/home/katie/turtlebot3_ws/install/turtlebot3_teleop/lib/python3.10/site-packages:${PYTHONPATH} /usr/bin/python3 -W ignore:setup.py install is deprecated -W ignore:easy_install command is deprecated setup.py develop --editable --build-directory /home/katie/turtlebot3_ws/build/turtlebot3_teleop/build --no-deps symlink_data
[2.412s] running develop
[2.690s] running egg_info
[2.690s] creating turtlebot3_teleop.egg-info
[2.690s] writing turtlebot3_teleop.egg-info/PKG-INFO
[2.690s] writing dependency_links to turtlebot3_teleop.egg-info/dependency_links.txt
[2.691s] writing entry points to turtlebot3_teleop.egg-info/entry_points.txt
[2.691s] writing requirements to turtlebot3_teleop.egg-info/requires.txt
[2.691s] writing top-level names to turtlebot3_teleop.egg-info/top_level.txt
[2.691s] writing manifest file 'turtlebot3_teleop.egg-info/SOURCES.txt'
[2.696s] reading manifest file 'turtlebot3_teleop.egg-info/SOURCES.txt'
[2.696s] writing manifest file 'turtlebot3_teleop.egg-info/SOURCES.txt'
[2.698s] running build_ext
[2.698s] Creating /home/katie/turtlebot3_ws/install/turtlebot3_teleop/lib/python3.10/site-packages/turtlebot3-teleop.egg-link (link to .)
[2.700s] Installing teleop_keyboard script to /home/katie/turtlebot3_ws/install/turtlebot3_teleop/lib/turtlebot3_teleop
[2.701s] 
[2.701s] Installed /home/katie/turtlebot3_ws/build/turtlebot3_teleop
[2.701s] running symlink_data
[2.701s] creating /home/katie/turtlebot3_ws/install/turtlebot3_teleop/share/ament_index
[2.701s] creating /home/katie/turtlebot3_ws/install/turtlebot3_teleop/share/ament_index/resource_index
[2.702s] creating /home/katie/turtlebot3_ws/install/turtlebot3_teleop/share/ament_index/resource_index/packages
[2.702s] symbolically linking /home/katie/turtlebot3_ws/build/turtlebot3_teleop/resource/turtlebot3_teleop -> /home/katie/turtlebot3_ws/install/turtlebot3_teleop/share/ament_index/resource_index/packages
[2.702s] symbolically linking /home/katie/turtlebot3_ws/build/turtlebot3_teleop/package.xml -> /home/katie/turtlebot3_ws/install/turtlebot3_teleop/share/turtlebot3_teleop
[2.766s] Invoked command in '/home/katie/turtlebot3_ws/build/turtlebot3_teleop' returned '0': PYTHONPATH=/home/katie/turtlebot3_ws/build/turtlebot3_teleop/prefix_override:/usr/lib/python3/dist-packages/colcon_core/task/python/colcon_distutils_commands:/home/katie/turtlebot3_ws/install/turtlebot3_teleop/lib/python3.10/site-packages:${PYTHONPATH} /usr/bin/python3 -W ignore:setup.py install is deprecated -W ignore:easy_install command is deprecated setup.py develop --editable --build-directory /home/katie/turtlebot3_ws/build/turtlebot3_teleop/build --no-deps symlink_data
