[0.044s] Invoking command in '/home/katie/turtlebot3_ws/build/hls_lfcd_lds_driver': CMAKE_PREFIX_PATH=${CMAKE_PREFIX_PATH}:/home/katie/turtlebot3_ws/install/turtlebot3_teleop:/home/katie/turtlebot3_ws/install/turtlebot3_example:/opt/ros/humble /usr/bin/cmake /home/katie/turtlebot3_ws/src/utils/hls_lfcd_lds_driver -DAMENT_CMAKE_SYMLINK_INSTALL=1 -DCMAKE_INSTALL_PREFIX=/home/katie/turtlebot3_ws/install/hls_lfcd_lds_driver
[0.198s] -- The C compiler identification is GNU 11.4.0
[0.341s] -- The CXX compiler identification is GNU 11.4.0
[0.378s] -- Detecting C compiler ABI info
[0.633s] -- Detecting C compiler ABI info - done
[0.651s] -- Check for working C compiler: /usr/bin/cc - skipped
[0.651s] -- Detecting C compile features
[0.652s] -- Detecting C compile features - done
[0.659s] -- Detecting CXX compiler ABI info
[0.865s] -- Detecting CXX compiler ABI info - done
[0.892s] -- Check for working CXX compiler: /usr/bin/c++ - skipped
[0.893s] -- Detecting CXX compile features
[0.894s] -- Detecting CXX compile features - done
[0.900s] -- Found ament_cmake: 1.3.11 (/opt/ros/humble/share/ament_cmake/cmake)
[2.068s] -- Found Python3: /usr/bin/python3 (found version "3.10.12") found components: Interpreter 
[2.221s] -- Override CMake install command with custom implementation using symlinks instead of copying resources
[2.276s] -- Found rclcpp: 16.0.11 (/opt/ros/humble/share/rclcpp/cmake)
[2.371s] -- Found rosidl_generator_c: 3.1.6 (/opt/ros/humble/share/rosidl_generator_c/cmake)
[2.382s] -- Found rosidl_adapter: 3.1.6 (/opt/ros/humble/share/rosidl_adapter/cmake)
[2.402s] -- Found rosidl_generator_cpp: 3.1.6 (/opt/ros/humble/share/rosidl_generator_cpp/cmake)
[2.429s] -- Using all available rosidl_typesupport_c: rosidl_typesupport_fastrtps_c;rosidl_typesupport_introspection_c
[2.477s] -- Using all available rosidl_typesupport_cpp: rosidl_typesupport_fastrtps_cpp;rosidl_typesupport_introspection_cpp
[2.631s] -- Found rmw_implementation_cmake: 6.1.2 (/opt/ros/humble/share/rmw_implementation_cmake/cmake)
[2.650s] -- Found rmw_fastrtps_cpp: 6.2.7 (/opt/ros/humble/share/rmw_fastrtps_cpp/cmake)
[3.159s] -- Found OpenSSL: /usr/lib/x86_64-linux-gnu/libcrypto.so (found version "3.0.2")  
[3.258s] -- Found FastRTPS: /opt/ros/humble/include  
[3.384s] -- Using RMW implementation 'rmw_fastrtps_cpp' as default
[3.413s] -- Looking for pthread.h
[3.629s] -- Looking for pthread.h - found
[3.630s] -- Performing Test CMAKE_HAVE_LIBC_PTHREAD
[3.864s] -- Performing Test CMAKE_HAVE_LIBC_PTHREAD - Success
[3.867s] -- Found Threads: TRUE  
[3.990s] -- Found sensor_msgs: 4.2.4 (/opt/ros/humble/share/sensor_msgs/cmake)
[4.078s] -- Found Boost: /usr/lib/x86_64-linux-gnu/cmake/Boost-1.74.0/BoostConfig.cmake (found version "1.74.0") found components: system 
[4.229s] -- Configuring done
[4.251s] -- Generating done
[4.260s] -- Build files have been written to: /home/katie/turtlebot3_ws/build/hls_lfcd_lds_driver
[4.749s] Invoked command in '/home/katie/turtlebot3_ws/build/hls_lfcd_lds_driver' returned '0': CMAKE_PREFIX_PATH=${CMAKE_PREFIX_PATH}:/home/katie/turtlebot3_ws/install/turtlebot3_teleop:/home/katie/turtlebot3_ws/install/turtlebot3_example:/opt/ros/humble /usr/bin/cmake /home/katie/turtlebot3_ws/src/utils/hls_lfcd_lds_driver -DAMENT_CMAKE_SYMLINK_INSTALL=1 -DCMAKE_INSTALL_PREFIX=/home/katie/turtlebot3_ws/install/hls_lfcd_lds_driver
[4.750s] Invoking command in '/home/katie/turtlebot3_ws/build/hls_lfcd_lds_driver': CMAKE_PREFIX_PATH=${CMAKE_PREFIX_PATH}:/home/katie/turtlebot3_ws/install/turtlebot3_teleop:/home/katie/turtlebot3_ws/install/turtlebot3_example:/opt/ros/humble /usr/bin/cmake --build /home/katie/turtlebot3_ws/build/hls_lfcd_lds_driver -- -j8 -l8
[4.860s] [ 50%] [32mBuilding CXX object CMakeFiles/hlds_laser_publisher.dir/src/hlds_laser_publisher.cpp.o[0m
[13.358s] [100%] [32m[1mLinking CXX executable hlds_laser_publisher[0m
[13.679s] [100%] Built target hlds_laser_publisher
