running develop
running egg_info
creating tb3_sim.egg-info
writing tb3_sim.egg-info/PKG-INFO
writing dependency_links to tb3_sim.egg-info/dependency_links.txt
writing entry points to tb3_sim.egg-info/entry_points.txt
writing requirements to tb3_sim.egg-info/requires.txt
writing top-level names to tb3_sim.egg-info/top_level.txt
writing manifest file 'tb3_sim.egg-info/SOURCES.txt'
reading manifest file 'tb3_sim.egg-info/SOURCES.txt'
writing manifest file 'tb3_sim.egg-info/SOURCES.txt'
running build_ext
Creating /home/katie/turtlebot3_ws/install/tb3_sim/lib/python3.10/site-packages/tb3-sim.egg-link (link to .)
Installing amcl_init_pose_publisher script to /home/katie/turtlebot3_ws/install/tb3_sim/lib/tb3_sim

Installed /home/katie/turtlebot3_ws/build/tb3_sim
running symlink_data
creating /home/katie/turtlebot3_ws/install/tb3_sim/share/ament_index
creating /home/katie/turtlebot3_ws/install/tb3_sim/share/ament_index/resource_index
creating /home/katie/turtlebot3_ws/install/tb3_sim/share/ament_index/resource_index/packages
symbolically linking /home/katie/turtlebot3_ws/build/tb3_sim/resource/tb3_sim -> /home/katie/turtlebot3_ws/install/tb3_sim/share/ament_index/resource_index/packages
symbolically linking /home/katie/turtlebot3_ws/build/tb3_sim/package.xml -> /home/katie/turtlebot3_ws/install/tb3_sim/share/tb3_sim
symbolically linking /home/katie/turtlebot3_ws/build/tb3_sim/launch/turtlebot3_world.launch.py -> /home/katie/turtlebot3_ws/install/tb3_sim/share/tb3_sim
symbolically linking /home/katie/turtlebot3_ws/build/tb3_sim/launch/nav2.launch.py -> /home/katie/turtlebot3_ws/install/tb3_sim/share/tb3_sim
creating /home/katie/turtlebot3_ws/install/tb3_sim/share/tb3_sim/maps
