[0.032s] Invoking command in '/home/katie/turtlebot3_ws/build/turtlebot3_bringup': AMENT_PREFIX_PATH=/home/katie/turtlebot3_ws/install/hls_lfcd_lds_driver:${AMENT_PREFIX_PATH} CMAKE_PREFIX_PATH=/home/katie/turtlebot3_ws/install/turtlebot3_node:/home/katie/turtlebot3_ws/install/turtlebot3_msgs:/home/katie/turtlebot3_ws/install/turtlebot3_description:/home/katie/turtlebot3_ws/install/hls_lfcd_lds_driver:/home/katie/turtlebot3_ws/install/dynamixel_sdk:/home/katie/turtlebot3_ws/install/turtlebot3:/home/katie/turtlebot3_ws/install/turtlebot3_bringup:/home/katie/turtlebot3_ws/install/turtlebot3_navigation2:/home/katie/turtlebot3_ws/install/turtlebot3_cartographer:/home/katie/turtlebot3_ws/install/dynamixel_sdk_examples:/home/katie/turtlebot3_ws/install/dynamixel_sdk_custom_interfaces:/home/katie/turtlebot3_ws/install/turtlebot3_teleop:/home/katie/turtlebot3_ws/install/turtlebot3_example:/opt/ros/humble LD_LIBRARY_PATH=/home/katie/turtlebot3_ws/install/turtlebot3_msgs/lib:/home/katie/turtlebot3_ws/install/dynamixel_sdk/lib:/home/katie/turtlebot3_ws/install/dynamixel_sdk_custom_interfaces/lib:/usr/lib/x86_64-linux-gnu/gazebo-11/plugins:/opt/ros/humble/opt/rviz_ogre_vendor/lib:/opt/ros/humble/lib/x86_64-linux-gnu:/opt/ros/humble/lib:/usr/lib/x86_64-linux-gnu/gazebo-11/plugins /usr/bin/cmake /home/katie/turtlebot3_ws/src/turtlebot3/turtlebot3_bringup -DAMENT_CMAKE_SYMLINK_INSTALL=1 -DCMAKE_INSTALL_PREFIX=/home/katie/turtlebot3_ws/install/turtlebot3_bringup
[0.131s] -- The C compiler identification is GNU 11.4.0
[0.221s] -- The CXX compiler identification is GNU 11.4.0
[0.232s] -- Detecting C compiler ABI info
[0.349s] -- Detecting C compiler ABI info - done
[0.360s] -- Check for working C compiler: /usr/bin/cc - skipped
[0.360s] -- Detecting C compile features
[0.360s] -- Detecting C compile features - done
[0.364s] -- Detecting CXX compiler ABI info
[0.476s] -- Detecting CXX compiler ABI info - done
[0.488s] -- Check for working CXX compiler: /usr/bin/c++ - skipped
[0.488s] -- Detecting CXX compile features
[0.489s] -- Detecting CXX compile features - done
[0.494s] -- Found ament_cmake: 1.3.11 (/opt/ros/humble/share/ament_cmake/cmake)
[0.744s] -- Found Python3: /usr/bin/python3 (found version "3.10.12") found components: Interpreter 
[0.876s] -- Override CMake install command with custom implementation using symlinks instead of copying resources
[1.097s] -- Configuring done
[1.101s] -- Generating done
[1.102s] -- Build files have been written to: /home/katie/turtlebot3_ws/build/turtlebot3_bringup
[1.108s] Invoked command in '/home/katie/turtlebot3_ws/build/turtlebot3_bringup' returned '0': AMENT_PREFIX_PATH=/home/katie/turtlebot3_ws/install/hls_lfcd_lds_driver:${AMENT_PREFIX_PATH} CMAKE_PREFIX_PATH=/home/katie/turtlebot3_ws/install/turtlebot3_node:/home/katie/turtlebot3_ws/install/turtlebot3_msgs:/home/katie/turtlebot3_ws/install/turtlebot3_description:/home/katie/turtlebot3_ws/install/hls_lfcd_lds_driver:/home/katie/turtlebot3_ws/install/dynamixel_sdk:/home/katie/turtlebot3_ws/install/turtlebot3:/home/katie/turtlebot3_ws/install/turtlebot3_bringup:/home/katie/turtlebot3_ws/install/turtlebot3_navigation2:/home/katie/turtlebot3_ws/install/turtlebot3_cartographer:/home/katie/turtlebot3_ws/install/dynamixel_sdk_examples:/home/katie/turtlebot3_ws/install/dynamixel_sdk_custom_interfaces:/home/katie/turtlebot3_ws/install/turtlebot3_teleop:/home/katie/turtlebot3_ws/install/turtlebot3_example:/opt/ros/humble LD_LIBRARY_PATH=/home/katie/turtlebot3_ws/install/turtlebot3_msgs/lib:/home/katie/turtlebot3_ws/install/dynamixel_sdk/lib:/home/katie/turtlebot3_ws/install/dynamixel_sdk_custom_interfaces/lib:/usr/lib/x86_64-linux-gnu/gazebo-11/plugins:/opt/ros/humble/opt/rviz_ogre_vendor/lib:/opt/ros/humble/lib/x86_64-linux-gnu:/opt/ros/humble/lib:/usr/lib/x86_64-linux-gnu/gazebo-11/plugins /usr/bin/cmake /home/katie/turtlebot3_ws/src/turtlebot3/turtlebot3_bringup -DAMENT_CMAKE_SYMLINK_INSTALL=1 -DCMAKE_INSTALL_PREFIX=/home/katie/turtlebot3_ws/install/turtlebot3_bringup
[1.110s] Invoking command in '/home/katie/turtlebot3_ws/build/turtlebot3_bringup': AMENT_PREFIX_PATH=/home/katie/turtlebot3_ws/install/hls_lfcd_lds_driver:${AMENT_PREFIX_PATH} CMAKE_PREFIX_PATH=/home/katie/turtlebot3_ws/install/turtlebot3_node:/home/katie/turtlebot3_ws/install/turtlebot3_msgs:/home/katie/turtlebot3_ws/install/turtlebot3_description:/home/katie/turtlebot3_ws/install/hls_lfcd_lds_driver:/home/katie/turtlebot3_ws/install/dynamixel_sdk:/home/katie/turtlebot3_ws/install/turtlebot3:/home/katie/turtlebot3_ws/install/turtlebot3_bringup:/home/katie/turtlebot3_ws/install/turtlebot3_navigation2:/home/katie/turtlebot3_ws/install/turtlebot3_cartographer:/home/katie/turtlebot3_ws/install/dynamixel_sdk_examples:/home/katie/turtlebot3_ws/install/dynamixel_sdk_custom_interfaces:/home/katie/turtlebot3_ws/install/turtlebot3_teleop:/home/katie/turtlebot3_ws/install/turtlebot3_example:/opt/ros/humble LD_LIBRARY_PATH=/home/katie/turtlebot3_ws/install/turtlebot3_msgs/lib:/home/katie/turtlebot3_ws/install/dynamixel_sdk/lib:/home/katie/turtlebot3_ws/install/dynamixel_sdk_custom_interfaces/lib:/usr/lib/x86_64-linux-gnu/gazebo-11/plugins:/opt/ros/humble/opt/rviz_ogre_vendor/lib:/opt/ros/humble/lib/x86_64-linux-gnu:/opt/ros/humble/lib:/usr/lib/x86_64-linux-gnu/gazebo-11/plugins /usr/bin/cmake --build /home/katie/turtlebot3_ws/build/turtlebot3_bringup -- -j8 -l8
[1.163s] Invoked command in '/home/katie/turtlebot3_ws/build/turtlebot3_bringup' returned '0': AMENT_PREFIX_PATH=/home/katie/turtlebot3_ws/install/hls_lfcd_lds_driver:${AMENT_PREFIX_PATH} CMAKE_PREFIX_PATH=/home/katie/turtlebot3_ws/install/turtlebot3_node:/home/katie/turtlebot3_ws/install/turtlebot3_msgs:/home/katie/turtlebot3_ws/install/turtlebot3_description:/home/katie/turtlebot3_ws/install/hls_lfcd_lds_driver:/home/katie/turtlebot3_ws/install/dynamixel_sdk:/home/katie/turtlebot3_ws/install/turtlebot3:/home/katie/turtlebot3_ws/install/turtlebot3_bringup:/home/katie/turtlebot3_ws/install/turtlebot3_navigation2:/home/katie/turtlebot3_ws/install/turtlebot3_cartographer:/home/katie/turtlebot3_ws/install/dynamixel_sdk_examples:/home/katie/turtlebot3_ws/install/dynamixel_sdk_custom_interfaces:/home/katie/turtlebot3_ws/install/turtlebot3_teleop:/home/katie/turtlebot3_ws/install/turtlebot3_example:/opt/ros/humble LD_LIBRARY_PATH=/home/katie/turtlebot3_ws/install/turtlebot3_msgs/lib:/home/katie/turtlebot3_ws/install/dynamixel_sdk/lib:/home/katie/turtlebot3_ws/install/dynamixel_sdk_custom_interfaces/lib:/usr/lib/x86_64-linux-gnu/gazebo-11/plugins:/opt/ros/humble/opt/rviz_ogre_vendor/lib:/opt/ros/humble/lib/x86_64-linux-gnu:/opt/ros/humble/lib:/usr/lib/x86_64-linux-gnu/gazebo-11/plugins /usr/bin/cmake --build /home/katie/turtlebot3_ws/build/turtlebot3_bringup -- -j8 -l8
[1.164s] Invoking command in '/home/katie/turtlebot3_ws/build/turtlebot3_bringup': AMENT_PREFIX_PATH=/home/katie/turtlebot3_ws/install/hls_lfcd_lds_driver:${AMENT_PREFIX_PATH} CMAKE_PREFIX_PATH=/home/katie/turtlebot3_ws/install/turtlebot3_node:/home/katie/turtlebot3_ws/install/turtlebot3_msgs:/home/katie/turtlebot3_ws/install/turtlebot3_description:/home/katie/turtlebot3_ws/install/hls_lfcd_lds_driver:/home/katie/turtlebot3_ws/install/dynamixel_sdk:/home/katie/turtlebot3_ws/install/turtlebot3:/home/katie/turtlebot3_ws/install/turtlebot3_bringup:/home/katie/turtlebot3_ws/install/turtlebot3_navigation2:/home/katie/turtlebot3_ws/install/turtlebot3_cartographer:/home/katie/turtlebot3_ws/install/dynamixel_sdk_examples:/home/katie/turtlebot3_ws/install/dynamixel_sdk_custom_interfaces:/home/katie/turtlebot3_ws/install/turtlebot3_teleop:/home/katie/turtlebot3_ws/install/turtlebot3_example:/opt/ros/humble LD_LIBRARY_PATH=/home/katie/turtlebot3_ws/install/turtlebot3_msgs/lib:/home/katie/turtlebot3_ws/install/dynamixel_sdk/lib:/home/katie/turtlebot3_ws/install/dynamixel_sdk_custom_interfaces/lib:/usr/lib/x86_64-linux-gnu/gazebo-11/plugins:/opt/ros/humble/opt/rviz_ogre_vendor/lib:/opt/ros/humble/lib/x86_64-linux-gnu:/opt/ros/humble/lib:/usr/lib/x86_64-linux-gnu/gazebo-11/plugins /usr/bin/cmake --install /home/katie/turtlebot3_ws/build/turtlebot3_bringup
[1.174s] -- Install configuration: ""
[1.175s] -- Execute custom install script
[1.176s] -- Symlinking: /home/katie/turtlebot3_ws/install/turtlebot3_bringup/share/turtlebot3_bringup/launch/robot.launch.py
[1.189s] -- Symlinking: /home/katie/turtlebot3_ws/install/turtlebot3_bringup/share/turtlebot3_bringup/launch/rviz2.launch.py
[1.199s] -- Symlinking: /home/katie/turtlebot3_ws/install/turtlebot3_bringup/share/turtlebot3_bringup/launch/turtlebot3_state_publisher.launch.py
[1.210s] -- Symlinking: /home/katie/turtlebot3_ws/install/turtlebot3_bringup/share/turtlebot3_bringup/param/burger.yaml
[1.220s] -- Symlinking: /home/katie/turtlebot3_ws/install/turtlebot3_bringup/share/turtlebot3_bringup/param/waffle.yaml
[1.230s] -- Symlinking: /home/katie/turtlebot3_ws/install/turtlebot3_bringup/share/turtlebot3_bringup/param/waffle_pi.yaml
[1.241s] -- Symlinking: /home/katie/turtlebot3_ws/install/turtlebot3_bringup/share/turtlebot3_bringup/script/99-turtlebot3-cdc.rules
[1.253s] -- Symlinking: /home/katie/turtlebot3_ws/install/turtlebot3_bringup/share/turtlebot3_bringup/script/create_udev_rules
[1.264s] -- Symlinking: /home/katie/turtlebot3_ws/install/turtlebot3_bringup/share/ament_index/resource_index/package_run_dependencies/turtlebot3_bringup
[1.276s] -- Symlinking: /home/katie/turtlebot3_ws/install/turtlebot3_bringup/share/ament_index/resource_index/parent_prefix_path/turtlebot3_bringup
[1.287s] -- Symlinking: /home/katie/turtlebot3_ws/install/turtlebot3_bringup/share/turtlebot3_bringup/environment/ament_prefix_path.sh
[1.298s] -- Symlinking: /home/katie/turtlebot3_ws/install/turtlebot3_bringup/share/turtlebot3_bringup/environment/ament_prefix_path.dsv
[1.309s] -- Symlinking: /home/katie/turtlebot3_ws/install/turtlebot3_bringup/share/turtlebot3_bringup/environment/path.sh
[1.320s] -- Symlinking: /home/katie/turtlebot3_ws/install/turtlebot3_bringup/share/turtlebot3_bringup/environment/path.dsv
[1.331s] -- Symlinking: /home/katie/turtlebot3_ws/install/turtlebot3_bringup/share/turtlebot3_bringup/local_setup.bash
[1.342s] -- Symlinking: /home/katie/turtlebot3_ws/install/turtlebot3_bringup/share/turtlebot3_bringup/local_setup.sh
[1.353s] -- Symlinking: /home/katie/turtlebot3_ws/install/turtlebot3_bringup/share/turtlebot3_bringup/local_setup.zsh
[1.365s] -- Symlinking: /home/katie/turtlebot3_ws/install/turtlebot3_bringup/share/turtlebot3_bringup/local_setup.dsv
[1.376s] -- Symlinking: /home/katie/turtlebot3_ws/install/turtlebot3_bringup/share/turtlebot3_bringup/package.dsv
[1.388s] -- Symlinking: /home/katie/turtlebot3_ws/install/turtlebot3_bringup/share/ament_index/resource_index/packages/turtlebot3_bringup
[1.400s] -- Symlinking: /home/katie/turtlebot3_ws/install/turtlebot3_bringup/share/turtlebot3_bringup/cmake/turtlebot3_bringupConfig.cmake
[1.411s] -- Symlinking: /home/katie/turtlebot3_ws/install/turtlebot3_bringup/share/turtlebot3_bringup/cmake/turtlebot3_bringupConfig-version.cmake
[1.423s] -- Symlinking: /home/katie/turtlebot3_ws/install/turtlebot3_bringup/share/turtlebot3_bringup/package.xml
[1.440s] Invoked command in '/home/katie/turtlebot3_ws/build/turtlebot3_bringup' returned '0': AMENT_PREFIX_PATH=/home/katie/turtlebot3_ws/install/hls_lfcd_lds_driver:${AMENT_PREFIX_PATH} CMAKE_PREFIX_PATH=/home/katie/turtlebot3_ws/install/turtlebot3_node:/home/katie/turtlebot3_ws/install/turtlebot3_msgs:/home/katie/turtlebot3_ws/install/turtlebot3_description:/home/katie/turtlebot3_ws/install/hls_lfcd_lds_driver:/home/katie/turtlebot3_ws/install/dynamixel_sdk:/home/katie/turtlebot3_ws/install/turtlebot3:/home/katie/turtlebot3_ws/install/turtlebot3_bringup:/home/katie/turtlebot3_ws/install/turtlebot3_navigation2:/home/katie/turtlebot3_ws/install/turtlebot3_cartographer:/home/katie/turtlebot3_ws/install/dynamixel_sdk_examples:/home/katie/turtlebot3_ws/install/dynamixel_sdk_custom_interfaces:/home/katie/turtlebot3_ws/install/turtlebot3_teleop:/home/katie/turtlebot3_ws/install/turtlebot3_example:/opt/ros/humble LD_LIBRARY_PATH=/home/katie/turtlebot3_ws/install/turtlebot3_msgs/lib:/home/katie/turtlebot3_ws/install/dynamixel_sdk/lib:/home/katie/turtlebot3_ws/install/dynamixel_sdk_custom_interfaces/lib:/usr/lib/x86_64-linux-gnu/gazebo-11/plugins:/opt/ros/humble/opt/rviz_ogre_vendor/lib:/opt/ros/humble/lib/x86_64-linux-gnu:/opt/ros/humble/lib:/usr/lib/x86_64-linux-gnu/gazebo-11/plugins /usr/bin/cmake --install /home/katie/turtlebot3_ws/build/turtlebot3_bringup
