[1.942s] Invoking command in '/home/katie/turtlebot3_ws/build/tb3_sim': PYTHONPATH=/home/katie/turtlebot3_ws/build/tb3_sim/prefix_override:/usr/lib/python3/dist-packages/colcon_core/task/python/colcon_distutils_commands:/home/katie/turtlebot3_ws/install/tb3_sim/lib/python3.10/site-packages:${PYTHONPATH} /usr/bin/python3 -W ignore:setup.py install is deprecated -W ignore:easy_install command is deprecated setup.py develop --editable --build-directory /home/katie/turtlebot3_ws/build/tb3_sim/build --no-deps symlink_data
[2.339s] /home/katie/.local/lib/python3.10/site-packages/setuptools/_distutils/dist.py:270: UserWarning: Unknown distribution option: 'tests_require'
[2.339s]   warnings.warn(msg)
[2.792s] running develop
[2.828s] Traceback (most recent call last):
[2.828s]   File "/home/katie/turtlebot3_ws/build/tb3_sim/setup.py", line 7, in <module>
[2.828s]     setup(
[2.828s]   File "/home/katie/.local/lib/python3.10/site-packages/setuptools/__init__.py", line 117, in setup
[2.829s]     return distutils.core.setup(**attrs)
[2.829s]   File "/home/katie/.local/lib/python3.10/site-packages/setuptools/_distutils/core.py", line 186, in setup
[2.831s]     return run_commands(dist)
[2.832s]   File "/home/katie/.local/lib/python3.10/site-packages/setuptools/_distutils/core.py", line 202, in run_commands
[2.832s]     dist.run_commands()
[2.832s]   File "/home/katie/.local/lib/python3.10/site-packages/setuptools/_distutils/dist.py", line 983, in run_commands
[2.832s]     self.run_command(cmd)
[2.832s]   File "/home/katie/.local/lib/python3.10/site-packages/setuptools/dist.py", line 999, in run_command
[2.833s]     super().run_command(command)
[2.833s]   File "/home/katie/.local/lib/python3.10/site-packages/setuptools/_distutils/dist.py", line 1001, in run_command
[2.833s]     cmd_obj.ensure_finalized()
[2.833s]   File "/home/katie/.local/lib/python3.10/site-packages/setuptools/_distutils/cmd.py", line 124, in ensure_finalized
[2.833s]     self.finalize_options()
[2.834s]   File "/home/katie/.local/lib/python3.10/site-packages/setuptools/command/develop.py", line 51, in finalize_options
[2.834s]     easy_install.finalize_options(self)
[2.834s]   File "/home/katie/.local/lib/python3.10/site-packages/setuptools/command/easy_install.py", line 251, in finalize_options
[2.834s]     'dist_fullname': self.distribution.get_fullname(),
[2.834s]   File "/home/katie/.local/lib/python3.10/site-packages/setuptools/_core_metadata.py", line 272, in get_fullname
[2.834s]     return _distribution_fullname(self.get_name(), self.get_version())
[2.835s]   File "/home/katie/.local/lib/python3.10/site-packages/setuptools/_core_metadata.py", line 290, in _distribution_fullname
[2.835s]     canonicalize_version(version, strip_trailing_zero=False),
[2.835s] TypeError: canonicalize_version() got an unexpected keyword argument 'strip_trailing_zero'
