[0.043s] Invoking command in '/home/katie/turtlebot3_ws/build/turtlebot3_description': CMAKE_PREFIX_PATH=${CMAKE_PREFIX_PATH}:/home/katie/turtlebot3_ws/install/turtlebot3_teleop:/home/katie/turtlebot3_ws/install/turtlebot3_example:/opt/ros/humble /usr/bin/cmake /home/katie/turtlebot3_ws/src/turtlebot3/turtlebot3_description -DAMENT_CMAKE_SYMLINK_INSTALL=1 -DCMAKE_INSTALL_PREFIX=/home/katie/turtlebot3_ws/install/turtlebot3_description
[0.188s] -- The C compiler identification is GNU 11.4.0
[0.346s] -- The CXX compiler identification is GNU 11.4.0
[0.361s] -- Detecting C compiler ABI info
[0.590s] -- Detecting C compiler ABI info - done
[0.603s] -- Check for working C compiler: /usr/bin/cc - skipped
[0.603s] -- Detecting C compile features
[0.604s] -- Detecting C compile features - done
[0.608s] -- Detecting CXX compiler ABI info
[0.832s] -- Detecting CXX compiler ABI info - done
[0.847s] -- Check for working CXX compiler: /usr/bin/c++ - skipped
[0.847s] -- Detecting CXX compile features
[0.848s] -- Detecting CXX compile features - done
[0.853s] -- Found ament_cmake: 1.3.11 (/opt/ros/humble/share/ament_cmake/cmake)
[2.018s] -- Found Python3: /usr/bin/python3 (found version "3.10.12") found components: Interpreter 
[2.190s] -- Override CMake install command with custom implementation using symlinks instead of copying resources
[2.255s] -- Found urdf: 2.6.1 (/opt/ros/humble/share/urdf/cmake)
[2.530s] -- Configuring done
[2.541s] -- Generating done
[2.544s] -- Build files have been written to: /home/katie/turtlebot3_ws/build/turtlebot3_description
[2.578s] Invoked command in '/home/katie/turtlebot3_ws/build/turtlebot3_description' returned '0': CMAKE_PREFIX_PATH=${CMAKE_PREFIX_PATH}:/home/katie/turtlebot3_ws/install/turtlebot3_teleop:/home/katie/turtlebot3_ws/install/turtlebot3_example:/opt/ros/humble /usr/bin/cmake /home/katie/turtlebot3_ws/src/turtlebot3/turtlebot3_description -DAMENT_CMAKE_SYMLINK_INSTALL=1 -DCMAKE_INSTALL_PREFIX=/home/katie/turtlebot3_ws/install/turtlebot3_description
[2.579s] Invoking command in '/home/katie/turtlebot3_ws/build/turtlebot3_description': CMAKE_PREFIX_PATH=${CMAKE_PREFIX_PATH}:/home/katie/turtlebot3_ws/install/turtlebot3_teleop:/home/katie/turtlebot3_ws/install/turtlebot3_example:/opt/ros/humble /usr/bin/cmake --build /home/katie/turtlebot3_ws/build/turtlebot3_description -- -j8 -l8
[2.806s] Invoked command in '/home/katie/turtlebot3_ws/build/turtlebot3_description' returned '0': CMAKE_PREFIX_PATH=${CMAKE_PREFIX_PATH}:/home/katie/turtlebot3_ws/install/turtlebot3_teleop:/home/katie/turtlebot3_ws/install/turtlebot3_example:/opt/ros/humble /usr/bin/cmake --build /home/katie/turtlebot3_ws/build/turtlebot3_description -- -j8 -l8
[2.807s] Invoking command in '/home/katie/turtlebot3_ws/build/turtlebot3_description': CMAKE_PREFIX_PATH=${CMAKE_PREFIX_PATH}:/home/katie/turtlebot3_ws/install/turtlebot3_teleop:/home/katie/turtlebot3_ws/install/turtlebot3_example:/opt/ros/humble /usr/bin/cmake --install /home/katie/turtlebot3_ws/build/turtlebot3_description
[4.144s] -- Install configuration: ""
[4.145s] -- Execute custom install script
[4.145s] -- Symlinking: /home/katie/turtlebot3_ws/install/turtlebot3_description/share/turtlebot3_description/meshes/bases/burger_base.stl
[4.145s] -- Symlinking: /home/katie/turtlebot3_ws/install/turtlebot3_description/share/turtlebot3_description/meshes/bases/waffle_base.stl
[4.146s] -- Symlinking: /home/katie/turtlebot3_ws/install/turtlebot3_description/share/turtlebot3_description/meshes/bases/waffle_pi_base.stl
[4.146s] -- Symlinking: /home/katie/turtlebot3_ws/install/turtlebot3_description/share/turtlebot3_description/meshes/sensors/astra.dae
[4.146s] -- Symlinking: /home/katie/turtlebot3_ws/install/turtlebot3_description/share/turtlebot3_description/meshes/sensors/astra.jpg
[4.146s] -- Symlinking: /home/katie/turtlebot3_ws/install/turtlebot3_description/share/turtlebot3_description/meshes/sensors/lds.stl
[4.146s] -- Symlinking: /home/katie/turtlebot3_ws/install/turtlebot3_description/share/turtlebot3_description/meshes/sensors/r200.dae
[4.146s] -- Symlinking: /home/katie/turtlebot3_ws/install/turtlebot3_description/share/turtlebot3_description/meshes/sensors/r200.jpg
[4.146s] -- Symlinking: /home/katie/turtlebot3_ws/install/turtlebot3_description/share/turtlebot3_description/meshes/wheels/left_tire.stl
[4.146s] -- Symlinking: /home/katie/turtlebot3_ws/install/turtlebot3_description/share/turtlebot3_description/meshes/wheels/right_tire.stl
[4.147s] -- Symlinking: /home/katie/turtlebot3_ws/install/turtlebot3_description/share/turtlebot3_description/rviz/model.rviz
[4.147s] -- Symlinking: /home/katie/turtlebot3_ws/install/turtlebot3_description/share/turtlebot3_description/urdf/common_properties.urdf
[4.147s] -- Symlinking: /home/katie/turtlebot3_ws/install/turtlebot3_description/share/turtlebot3_description/urdf/turtlebot3_burger.urdf
[4.147s] -- Symlinking: /home/katie/turtlebot3_ws/install/turtlebot3_description/share/turtlebot3_description/urdf/turtlebot3_waffle.urdf
[4.147s] -- Symlinking: /home/katie/turtlebot3_ws/install/turtlebot3_description/share/turtlebot3_description/urdf/turtlebot3_waffle_pi.urdf
[4.147s] -- Symlinking: /home/katie/turtlebot3_ws/install/turtlebot3_description/share/ament_index/resource_index/package_run_dependencies/turtlebot3_description
[4.147s] -- Symlinking: /home/katie/turtlebot3_ws/install/turtlebot3_description/share/ament_index/resource_index/parent_prefix_path/turtlebot3_description
[4.147s] -- Symlinking: /home/katie/turtlebot3_ws/install/turtlebot3_description/share/turtlebot3_description/environment/ament_prefix_path.sh
[4.148s] -- Symlinking: /home/katie/turtlebot3_ws/install/turtlebot3_description/share/turtlebot3_description/environment/ament_prefix_path.dsv
[4.148s] -- Symlinking: /home/katie/turtlebot3_ws/install/turtlebot3_description/share/turtlebot3_description/environment/path.sh
[4.148s] -- Symlinking: /home/katie/turtlebot3_ws/install/turtlebot3_description/share/turtlebot3_description/environment/path.dsv
[4.148s] -- Symlinking: /home/katie/turtlebot3_ws/install/turtlebot3_description/share/turtlebot3_description/local_setup.bash
[4.148s] -- Symlinking: /home/katie/turtlebot3_ws/install/turtlebot3_description/share/turtlebot3_description/local_setup.sh
[4.148s] -- Symlinking: /home/katie/turtlebot3_ws/install/turtlebot3_description/share/turtlebot3_description/local_setup.zsh
[4.148s] -- Symlinking: /home/katie/turtlebot3_ws/install/turtlebot3_description/share/turtlebot3_description/local_setup.dsv
[4.149s] -- Symlinking: /home/katie/turtlebot3_ws/install/turtlebot3_description/share/turtlebot3_description/package.dsv
[4.149s] -- Symlinking: /home/katie/turtlebot3_ws/install/turtlebot3_description/share/ament_index/resource_index/packages/turtlebot3_description
[4.149s] -- Symlinking: /home/katie/turtlebot3_ws/install/turtlebot3_description/share/turtlebot3_description/cmake/turtlebot3_descriptionConfig.cmake
[4.149s] -- Symlinking: /home/katie/turtlebot3_ws/install/turtlebot3_description/share/turtlebot3_description/cmake/turtlebot3_descriptionConfig-version.cmake
[4.149s] -- Symlinking: /home/katie/turtlebot3_ws/install/turtlebot3_description/share/turtlebot3_description/package.xml
[4.171s] Invoked command in '/home/katie/turtlebot3_ws/build/turtlebot3_description' returned '0': CMAKE_PREFIX_PATH=${CMAKE_PREFIX_PATH}:/home/katie/turtlebot3_ws/install/turtlebot3_teleop:/home/katie/turtlebot3_ws/install/turtlebot3_example:/opt/ros/humble /usr/bin/cmake --install /home/katie/turtlebot3_ws/build/turtlebot3_description
