[2.012s] Invoking command in '/home/katie/turtlebot3_ws/build/turtlebot3_teleop': PYTHONPATH=/home/katie/turtlebot3_ws/build/turtlebot3_teleop/prefix_override:/usr/lib/python3/dist-packages/colcon_core/task/python/colcon_distutils_commands:/home/katie/turtlebot3_ws/install/turtlebot3_teleop/lib/python3.10/site-packages:${PYTHONPATH} /usr/bin/python3 -W ignore:setup.py install is deprecated -W ignore:easy_install command is deprecated setup.py develop --editable --build-directory /home/katie/turtlebot3_ws/build/turtlebot3_teleop/build --no-deps symlink_data
[2.463s] /home/katie/.local/lib/python3.10/site-packages/setuptools/_distutils/dist.py:270: UserWarning: Unknown distribution option: 'tests_require'
[2.464s]   warnings.warn(msg)
[2.908s] running develop
[2.982s] Traceback (most recent call last):
[2.983s]   File "/home/katie/turtlebot3_ws/build/turtlebot3_teleop/setup.py", line 6, in <module>
[2.983s]     setup(
[2.983s]   File "/home/katie/.local/lib/python3.10/site-packages/setuptools/__init__.py", line 117, in setup
[2.983s]     return distutils.core.setup(**attrs)
[2.984s]   File "/home/katie/.local/lib/python3.10/site-packages/setuptools/_distutils/core.py", line 186, in setup
[2.984s]     return run_commands(dist)
[2.984s]   File "/home/katie/.local/lib/python3.10/site-packages/setuptools/_distutils/core.py", line 202, in run_commands
[2.984s]     dist.run_commands()
[2.984s]   File "/home/katie/.local/lib/python3.10/site-packages/setuptools/_distutils/dist.py", line 983, in run_commands
[2.984s]     self.run_command(cmd)
[2.984s]   File "/home/katie/.local/lib/python3.10/site-packages/setuptools/dist.py", line 999, in run_command
[2.985s]     super().run_command(command)
[2.985s]   File "/home/katie/.local/lib/python3.10/site-packages/setuptools/_distutils/dist.py", line 1001, in run_command
[2.985s]     cmd_obj.ensure_finalized()
[2.985s]   File "/home/katie/.local/lib/python3.10/site-packages/setuptools/_distutils/cmd.py", line 124, in ensure_finalized
[2.986s]     self.finalize_options()
[2.986s]   File "/home/katie/.local/lib/python3.10/site-packages/setuptools/command/develop.py", line 51, in finalize_options
[2.986s]     easy_install.finalize_options(self)
[2.986s]   File "/home/katie/.local/lib/python3.10/site-packages/setuptools/command/easy_install.py", line 251, in finalize_options
[2.986s]     'dist_fullname': self.distribution.get_fullname(),
[2.986s]   File "/home/katie/.local/lib/python3.10/site-packages/setuptools/_core_metadata.py", line 272, in get_fullname
[2.987s]     return _distribution_fullname(self.get_name(), self.get_version())
[2.987s]   File "/home/katie/.local/lib/python3.10/site-packages/setuptools/_core_metadata.py", line 290, in _distribution_fullname
[2.988s]     canonicalize_version(version, strip_trailing_zero=False),
[2.988s] TypeError: canonicalize_version() got an unexpected keyword argument 'strip_trailing_zero'
